<?xml version="1.0" encoding="UTF-8"?>
<testsuite name="com.group.libraryapp.JunitTest" tests="2" skipped="0" failures="0" errors="0" timestamp="2024-03-28T08:38:47" hostname="DESKTOP-N0OUE5R" time="0.004">
  <properties/>
  <testcase name="test1()" classname="com.group.libraryapp.JunitTest" time="0.002"/>
  <testcase name="test2()" classname="com.group.libraryapp.JunitTest" time="0.001"/>
  <system-out><![CDATA[모든 테스트 시작 전
각 테스트 시작 전
테스트1
각 테스트 종료 후
각 테스트 시작 전
테스트2
각 테스트 종료 후
모든 테스트 종료 후
]]></system-out>
  <system-err><![CDATA[]]></system-err>
</testsuite>
